
---------------------------------------
  VHEGEN instance parameters:
  Symmetry: D4H
  Problem: (EG+A1U)x(eg+b2u)
  Expansion orders: range(0, 11)
  Output filename: debug
---------------------------------------
Independent matrix elements: Eigenvals

H_+A: [1j, 1, -1, -1]

Root formulas:

H_+A : c^{r}_{2I,2K,2n-1}*w**(Mod((2n-1+1)/2,2)+2I)*rho**(Abs(2n-1)+2K)*cos((2n-1)*phi) -1*c^{i}_{2I,2K,2n-1}*w**(Mod((2n-1+1)/2,2)+2I)*rho**(Abs(2n-1)+2K)*sin((2n-1)*phi)+ i*c^{r}_{2I,2K,2n-1}*w**(Mod((2n-1+1)/2,2)+2I)*rho**(Abs(2n-1)+2K)*sin((2n-1)*phi)+ i*c^{i}_{2I,2K,2n-1}*w**(Mod((2n-1+1)/2,2)+2I)*rho**(Abs(2n-1)+2K)*cos((2n-1)*phi)

Constraints:

H_+A : c^r nz if n even, c^i nz if n odd, n odd


Complex to real basis transformation:

XA = sqrt(2)*re(+A)

YA = -1.0*sqrt(2)*im(+A)

AX = sqrt(2)*re(+A)

AY = -1.0*sqrt(2)*im(+A)



Number of fitting parameters (complex): 

Order 0:
H_+A: 0
Order 1:
H_+A: 0
Order 2:
H_+A: 1
Order 3:
H_+A: 0
Order 4:
H_+A: 3
Order 5:
H_+A: 0
Order 6:
H_+A: 6
Order 7:
H_+A: 0
Order 8:
H_+A: 10
Order 9:
H_+A: 0
Order 10:
H_+A: 15

Number of fitting parameters (real): 

Order 0:
H_XA: {+A: 0}
H_YA: {+A: 0}
Order 1:
H_XA: {+A: 0}
H_YA: {+A: 0}
Order 2:
H_XA: {+A: 1}
H_YA: {+A: 1}
Order 3:
H_XA: {+A: 0}
H_YA: {+A: 0}
Order 4:
H_XA: {+A: 3}
H_YA: {+A: 3}
Order 5:
H_XA: {+A: 0}
H_YA: {+A: 0}
Order 6:
H_XA: {+A: 6}
H_YA: {+A: 6}
Order 7:
H_XA: {+A: 0}
H_YA: {+A: 0}
Order 8:
H_XA: {+A: 10}
H_YA: {+A: 10}
Order 9:
H_XA: {+A: 0}
H_YA: {+A: 0}
Order 10:
H_XA: {+A: 15}
H_YA: {+A: 15}

Matrix element expansions: 

Order: 0

Polar coordinates:

H_+A = 0

H_-A = 0

H_A+ = 0

H_A- = 0

Cartesian coordinates:

H_+A = 0

H_-A = 0

H_A+ = 0

H_A- = 0

Order: 1

Polar coordinates:

H_+A = 0

H_-A = 0

H_A+ = 0

H_A- = 0

Cartesian coordinates:

H_+A = 0

H_-A = 0

H_A+ = 0

H_A- = 0

Order: 2

Polar coordinates:

H_+A = -c^{i}_{0,0,1}*rho*w*sin(phi) + 1.0*I*c^{i}_{0,0,1}*rho*w*cos(phi)

H_-A = -c^{i}_{0,0,1}*rho*w*sin(phi) - 1.0*I*c^{i}_{0,0,1}*rho*w*cos(phi)

H_A+ = -c^{i}_{0,0,1}*rho*w*sin(phi) - 1.0*I*c^{i}_{0,0,1}*rho*w*cos(phi)

H_A- = -c^{i}_{0,0,1}*rho*w*sin(phi) + 1.0*I*c^{i}_{0,0,1}*rho*w*cos(phi)

Cartesian coordinates:

H_+A = 1.0*I*c^{i}_{0,0,1}*w*x - c^{i}_{0,0,1}*w*y

H_-A = -1.0*I*c^{i}_{0,0,1}*w*x - c^{i}_{0,0,1}*w*y

H_A+ = -1.0*I*c^{i}_{0,0,1}*w*x - c^{i}_{0,0,1}*w*y

H_A- = 1.0*I*c^{i}_{0,0,1}*w*x - c^{i}_{0,0,1}*w*y

Order: 3

Polar coordinates:

H_+A = 0

H_-A = 0

H_A+ = 0

H_A- = 0

Cartesian coordinates:

H_+A = 0

H_-A = 0

H_A+ = 0

H_A- = 0

Order: 4

Polar coordinates:

H_+A = c^{i}_{0,0,-3}*rho**3*w*sin(3*phi) + 1.0*I*c^{i}_{0,0,-3}*rho**3*w*cos(3*phi) - c^{i}_{0,2,1}*rho**3*w*sin(phi) + 1.0*I*c^{i}_{0,2,1}*rho**3*w*cos(phi) - c^{i}_{2,0,1}*rho*w**3*sin(phi) + 1.0*I*c^{i}_{2,0,1}*rho*w**3*cos(phi)

H_-A = c^{i}_{0,0,-3}*rho**3*w*sin(3*phi) - 1.0*I*c^{i}_{0,0,-3}*rho**3*w*cos(3*phi) - c^{i}_{0,2,1}*rho**3*w*sin(phi) - 1.0*I*c^{i}_{0,2,1}*rho**3*w*cos(phi) - c^{i}_{2,0,1}*rho*w**3*sin(phi) - 1.0*I*c^{i}_{2,0,1}*rho*w**3*cos(phi)

H_A+ = c^{i}_{0,0,-3}*rho**3*w*sin(3*phi) - 1.0*I*c^{i}_{0,0,-3}*rho**3*w*cos(3*phi) - c^{i}_{0,2,1}*rho**3*w*sin(phi) - 1.0*I*c^{i}_{0,2,1}*rho**3*w*cos(phi) - c^{i}_{2,0,1}*rho*w**3*sin(phi) - 1.0*I*c^{i}_{2,0,1}*rho*w**3*cos(phi)

H_A- = c^{i}_{0,0,-3}*rho**3*w*sin(3*phi) + 1.0*I*c^{i}_{0,0,-3}*rho**3*w*cos(3*phi) - c^{i}_{0,2,1}*rho**3*w*sin(phi) + 1.0*I*c^{i}_{0,2,1}*rho**3*w*cos(phi) - c^{i}_{2,0,1}*rho*w**3*sin(phi) + 1.0*I*c^{i}_{2,0,1}*rho*w**3*cos(phi)

Cartesian coordinates:

H_+A = 1.0*I*c^{i}_{0,0,-3}*w*x*(x**2 - 3*y**2) + c^{i}_{0,0,-3}*w*y*(3*x**2 - y**2) + 1.0*I*c^{i}_{0,2,1}*w*x*(x**2 + y**2) - c^{i}_{0,2,1}*w*y*(x**2 + y**2) + 1.0*I*c^{i}_{2,0,1}*w**3*x - c^{i}_{2,0,1}*w**3*y

H_-A = -1.0*I*c^{i}_{0,0,-3}*w*x*(x**2 - 3*y**2) + c^{i}_{0,0,-3}*w*y*(3*x**2 - y**2) - 1.0*I*c^{i}_{0,2,1}*w*x*(x**2 + y**2) - c^{i}_{0,2,1}*w*y*(x**2 + y**2) - 1.0*I*c^{i}_{2,0,1}*w**3*x - c^{i}_{2,0,1}*w**3*y

H_A+ = -1.0*I*c^{i}_{0,0,-3}*w*x*(x**2 - 3*y**2) + c^{i}_{0,0,-3}*w*y*(3*x**2 - y**2) - 1.0*I*c^{i}_{0,2,1}*w*x*(x**2 + y**2) - c^{i}_{0,2,1}*w*y*(x**2 + y**2) - 1.0*I*c^{i}_{2,0,1}*w**3*x - c^{i}_{2,0,1}*w**3*y

H_A- = 1.0*I*c^{i}_{0,0,-3}*w*x*(x**2 - 3*y**2) + c^{i}_{0,0,-3}*w*y*(3*x**2 - y**2) + 1.0*I*c^{i}_{0,2,1}*w*x*(x**2 + y**2) - c^{i}_{0,2,1}*w*y*(x**2 + y**2) + 1.0*I*c^{i}_{2,0,1}*w**3*x - c^{i}_{2,0,1}*w**3*y

Order: 5

Polar coordinates:

H_+A = 0

H_-A = 0

H_A+ = 0

H_A- = 0

Cartesian coordinates:

H_+A = 0

H_-A = 0

H_A+ = 0

H_A- = 0

Order: 6

Polar coordinates:

H_+A = -c^{i}_{0,0,5}*rho**5*w*sin(5*phi) + 1.0*I*c^{i}_{0,0,5}*rho**5*w*cos(5*phi) + c^{i}_{0,2,-3}*rho**5*w*sin(3*phi) + 1.0*I*c^{i}_{0,2,-3}*rho**5*w*cos(3*phi) - c^{i}_{0,4,1}*rho**5*w*sin(phi) + 1.0*I*c^{i}_{0,4,1}*rho**5*w*cos(phi) + c^{i}_{2,0,-3}*rho**3*w**3*sin(3*phi) + 1.0*I*c^{i}_{2,0,-3}*rho**3*w**3*cos(3*phi) - c^{i}_{2,2,1}*rho**3*w**3*sin(phi) + 1.0*I*c^{i}_{2,2,1}*rho**3*w**3*cos(phi) - c^{i}_{4,0,1}*rho*w**5*sin(phi) + 1.0*I*c^{i}_{4,0,1}*rho*w**5*cos(phi)

H_-A = -c^{i}_{0,0,5}*rho**5*w*sin(5*phi) - 1.0*I*c^{i}_{0,0,5}*rho**5*w*cos(5*phi) + c^{i}_{0,2,-3}*rho**5*w*sin(3*phi) - 1.0*I*c^{i}_{0,2,-3}*rho**5*w*cos(3*phi) - c^{i}_{0,4,1}*rho**5*w*sin(phi) - 1.0*I*c^{i}_{0,4,1}*rho**5*w*cos(phi) + c^{i}_{2,0,-3}*rho**3*w**3*sin(3*phi) - 1.0*I*c^{i}_{2,0,-3}*rho**3*w**3*cos(3*phi) - c^{i}_{2,2,1}*rho**3*w**3*sin(phi) - 1.0*I*c^{i}_{2,2,1}*rho**3*w**3*cos(phi) - c^{i}_{4,0,1}*rho*w**5*sin(phi) - 1.0*I*c^{i}_{4,0,1}*rho*w**5*cos(phi)

H_A+ = -c^{i}_{0,0,5}*rho**5*w*sin(5*phi) - 1.0*I*c^{i}_{0,0,5}*rho**5*w*cos(5*phi) + c^{i}_{0,2,-3}*rho**5*w*sin(3*phi) - 1.0*I*c^{i}_{0,2,-3}*rho**5*w*cos(3*phi) - c^{i}_{0,4,1}*rho**5*w*sin(phi) - 1.0*I*c^{i}_{0,4,1}*rho**5*w*cos(phi) + c^{i}_{2,0,-3}*rho**3*w**3*sin(3*phi) - 1.0*I*c^{i}_{2,0,-3}*rho**3*w**3*cos(3*phi) - c^{i}_{2,2,1}*rho**3*w**3*sin(phi) - 1.0*I*c^{i}_{2,2,1}*rho**3*w**3*cos(phi) - c^{i}_{4,0,1}*rho*w**5*sin(phi) - 1.0*I*c^{i}_{4,0,1}*rho*w**5*cos(phi)

H_A- = -c^{i}_{0,0,5}*rho**5*w*sin(5*phi) + 1.0*I*c^{i}_{0,0,5}*rho**5*w*cos(5*phi) + c^{i}_{0,2,-3}*rho**5*w*sin(3*phi) + 1.0*I*c^{i}_{0,2,-3}*rho**5*w*cos(3*phi) - c^{i}_{0,4,1}*rho**5*w*sin(phi) + 1.0*I*c^{i}_{0,4,1}*rho**5*w*cos(phi) + c^{i}_{2,0,-3}*rho**3*w**3*sin(3*phi) + 1.0*I*c^{i}_{2,0,-3}*rho**3*w**3*cos(3*phi) - c^{i}_{2,2,1}*rho**3*w**3*sin(phi) + 1.0*I*c^{i}_{2,2,1}*rho**3*w**3*cos(phi) - c^{i}_{4,0,1}*rho*w**5*sin(phi) + 1.0*I*c^{i}_{4,0,1}*rho*w**5*cos(phi)

Cartesian coordinates:

H_+A = 1.0*I*c^{i}_{0,0,5}*w*x*(x**4 - 10*x**2*y**2 + 5*y**4) - c^{i}_{0,0,5}*w*y*(5*x**4 - 10*x**2*y**2 + y**4) + 1.0*I*c^{i}_{0,2,-3}*w*x*(x**2 - 3*y**2)*(x**2 + y**2) + c^{i}_{0,2,-3}*w*y*(x**2 + y**2)*(3*x**2 - y**2) + 1.0*I*c^{i}_{0,4,1}*w*x*(x**2 + y**2)**2 - c^{i}_{0,4,1}*w*y*(x**2 + y**2)**2 + 1.0*I*c^{i}_{2,0,-3}*w**3*x*(x**2 - 3*y**2) + c^{i}_{2,0,-3}*w**3*y*(3*x**2 - y**2) + 1.0*I*c^{i}_{2,2,1}*w**3*x*(x**2 + y**2) - c^{i}_{2,2,1}*w**3*y*(x**2 + y**2) + 1.0*I*c^{i}_{4,0,1}*w**5*x - c^{i}_{4,0,1}*w**5*y

H_-A = -1.0*I*c^{i}_{0,0,5}*w*x*(x**4 - 10*x**2*y**2 + 5*y**4) - c^{i}_{0,0,5}*w*y*(5*x**4 - 10*x**2*y**2 + y**4) - 1.0*I*c^{i}_{0,2,-3}*w*x*(x**2 - 3*y**2)*(x**2 + y**2) + c^{i}_{0,2,-3}*w*y*(x**2 + y**2)*(3*x**2 - y**2) - 1.0*I*c^{i}_{0,4,1}*w*x*(x**2 + y**2)**2 - c^{i}_{0,4,1}*w*y*(x**2 + y**2)**2 - 1.0*I*c^{i}_{2,0,-3}*w**3*x*(x**2 - 3*y**2) + c^{i}_{2,0,-3}*w**3*y*(3*x**2 - y**2) - 1.0*I*c^{i}_{2,2,1}*w**3*x*(x**2 + y**2) - c^{i}_{2,2,1}*w**3*y*(x**2 + y**2) - 1.0*I*c^{i}_{4,0,1}*w**5*x - c^{i}_{4,0,1}*w**5*y

H_A+ = -1.0*I*c^{i}_{0,0,5}*w*x*(x**4 - 10*x**2*y**2 + 5*y**4) - c^{i}_{0,0,5}*w*y*(5*x**4 - 10*x**2*y**2 + y**4) - 1.0*I*c^{i}_{0,2,-3}*w*x*(x**2 - 3*y**2)*(x**2 + y**2) + c^{i}_{0,2,-3}*w*y*(x**2 + y**2)*(3*x**2 - y**2) - 1.0*I*c^{i}_{0,4,1}*w*x*(x**2 + y**2)**2 - c^{i}_{0,4,1}*w*y*(x**2 + y**2)**2 - 1.0*I*c^{i}_{2,0,-3}*w**3*x*(x**2 - 3*y**2) + c^{i}_{2,0,-3}*w**3*y*(3*x**2 - y**2) - 1.0*I*c^{i}_{2,2,1}*w**3*x*(x**2 + y**2) - c^{i}_{2,2,1}*w**3*y*(x**2 + y**2) - 1.0*I*c^{i}_{4,0,1}*w**5*x - c^{i}_{4,0,1}*w**5*y

H_A- = 1.0*I*c^{i}_{0,0,5}*w*x*(x**4 - 10*x**2*y**2 + 5*y**4) - c^{i}_{0,0,5}*w*y*(5*x**4 - 10*x**2*y**2 + y**4) + 1.0*I*c^{i}_{0,2,-3}*w*x*(x**2 - 3*y**2)*(x**2 + y**2) + c^{i}_{0,2,-3}*w*y*(x**2 + y**2)*(3*x**2 - y**2) + 1.0*I*c^{i}_{0,4,1}*w*x*(x**2 + y**2)**2 - c^{i}_{0,4,1}*w*y*(x**2 + y**2)**2 + 1.0*I*c^{i}_{2,0,-3}*w**3*x*(x**2 - 3*y**2) + c^{i}_{2,0,-3}*w**3*y*(3*x**2 - y**2) + 1.0*I*c^{i}_{2,2,1}*w**3*x*(x**2 + y**2) - c^{i}_{2,2,1}*w**3*y*(x**2 + y**2) + 1.0*I*c^{i}_{4,0,1}*w**5*x - c^{i}_{4,0,1}*w**5*y

Order: 7

Polar coordinates:

H_+A = 0

H_-A = 0

H_A+ = 0

H_A- = 0

Cartesian coordinates:

H_+A = 0

H_-A = 0

H_A+ = 0

H_A- = 0

Order: 8

Polar coordinates:

H_+A = c^{i}_{0,0,-7}*rho**7*w*sin(7*phi) + 1.0*I*c^{i}_{0,0,-7}*rho**7*w*cos(7*phi) - c^{i}_{0,2,5}*rho**7*w*sin(5*phi) + 1.0*I*c^{i}_{0,2,5}*rho**7*w*cos(5*phi) + c^{i}_{0,4,-3}*rho**7*w*sin(3*phi) + 1.0*I*c^{i}_{0,4,-3}*rho**7*w*cos(3*phi) - c^{i}_{0,6,1}*rho**7*w*sin(phi) + 1.0*I*c^{i}_{0,6,1}*rho**7*w*cos(phi) - c^{i}_{2,0,5}*rho**5*w**3*sin(5*phi) + 1.0*I*c^{i}_{2,0,5}*rho**5*w**3*cos(5*phi) + c^{i}_{2,2,-3}*rho**5*w**3*sin(3*phi) + 1.0*I*c^{i}_{2,2,-3}*rho**5*w**3*cos(3*phi) - c^{i}_{2,4,1}*rho**5*w**3*sin(phi) + 1.0*I*c^{i}_{2,4,1}*rho**5*w**3*cos(phi) + c^{i}_{4,0,-3}*rho**3*w**5*sin(3*phi) + 1.0*I*c^{i}_{4,0,-3}*rho**3*w**5*cos(3*phi) - c^{i}_{4,2,1}*rho**3*w**5*sin(phi) + 1.0*I*c^{i}_{4,2,1}*rho**3*w**5*cos(phi) - c^{i}_{6,0,1}*rho*w**7*sin(phi) + 1.0*I*c^{i}_{6,0,1}*rho*w**7*cos(phi)

H_-A = c^{i}_{0,0,-7}*rho**7*w*sin(7*phi) - 1.0*I*c^{i}_{0,0,-7}*rho**7*w*cos(7*phi) - c^{i}_{0,2,5}*rho**7*w*sin(5*phi) - 1.0*I*c^{i}_{0,2,5}*rho**7*w*cos(5*phi) + c^{i}_{0,4,-3}*rho**7*w*sin(3*phi) - 1.0*I*c^{i}_{0,4,-3}*rho**7*w*cos(3*phi) - c^{i}_{0,6,1}*rho**7*w*sin(phi) - 1.0*I*c^{i}_{0,6,1}*rho**7*w*cos(phi) - c^{i}_{2,0,5}*rho**5*w**3*sin(5*phi) - 1.0*I*c^{i}_{2,0,5}*rho**5*w**3*cos(5*phi) + c^{i}_{2,2,-3}*rho**5*w**3*sin(3*phi) - 1.0*I*c^{i}_{2,2,-3}*rho**5*w**3*cos(3*phi) - c^{i}_{2,4,1}*rho**5*w**3*sin(phi) - 1.0*I*c^{i}_{2,4,1}*rho**5*w**3*cos(phi) + c^{i}_{4,0,-3}*rho**3*w**5*sin(3*phi) - 1.0*I*c^{i}_{4,0,-3}*rho**3*w**5*cos(3*phi) - c^{i}_{4,2,1}*rho**3*w**5*sin(phi) - 1.0*I*c^{i}_{4,2,1}*rho**3*w**5*cos(phi) - c^{i}_{6,0,1}*rho*w**7*sin(phi) - 1.0*I*c^{i}_{6,0,1}*rho*w**7*cos(phi)

H_A+ = c^{i}_{0,0,-7}*rho**7*w*sin(7*phi) - 1.0*I*c^{i}_{0,0,-7}*rho**7*w*cos(7*phi) - c^{i}_{0,2,5}*rho**7*w*sin(5*phi) - 1.0*I*c^{i}_{0,2,5}*rho**7*w*cos(5*phi) + c^{i}_{0,4,-3}*rho**7*w*sin(3*phi) - 1.0*I*c^{i}_{0,4,-3}*rho**7*w*cos(3*phi) - c^{i}_{0,6,1}*rho**7*w*sin(phi) - 1.0*I*c^{i}_{0,6,1}*rho**7*w*cos(phi) - c^{i}_{2,0,5}*rho**5*w**3*sin(5*phi) - 1.0*I*c^{i}_{2,0,5}*rho**5*w**3*cos(5*phi) + c^{i}_{2,2,-3}*rho**5*w**3*sin(3*phi) - 1.0*I*c^{i}_{2,2,-3}*rho**5*w**3*cos(3*phi) - c^{i}_{2,4,1}*rho**5*w**3*sin(phi) - 1.0*I*c^{i}_{2,4,1}*rho**5*w**3*cos(phi) + c^{i}_{4,0,-3}*rho**3*w**5*sin(3*phi) - 1.0*I*c^{i}_{4,0,-3}*rho**3*w**5*cos(3*phi) - c^{i}_{4,2,1}*rho**3*w**5*sin(phi) - 1.0*I*c^{i}_{4,2,1}*rho**3*w**5*cos(phi) - c^{i}_{6,0,1}*rho*w**7*sin(phi) - 1.0*I*c^{i}_{6,0,1}*rho*w**7*cos(phi)

H_A- = c^{i}_{0,0,-7}*rho**7*w*sin(7*phi) + 1.0*I*c^{i}_{0,0,-7}*rho**7*w*cos(7*phi) - c^{i}_{0,2,5}*rho**7*w*sin(5*phi) + 1.0*I*c^{i}_{0,2,5}*rho**7*w*cos(5*phi) + c^{i}_{0,4,-3}*rho**7*w*sin(3*phi) + 1.0*I*c^{i}_{0,4,-3}*rho**7*w*cos(3*phi) - c^{i}_{0,6,1}*rho**7*w*sin(phi) + 1.0*I*c^{i}_{0,6,1}*rho**7*w*cos(phi) - c^{i}_{2,0,5}*rho**5*w**3*sin(5*phi) + 1.0*I*c^{i}_{2,0,5}*rho**5*w**3*cos(5*phi) + c^{i}_{2,2,-3}*rho**5*w**3*sin(3*phi) + 1.0*I*c^{i}_{2,2,-3}*rho**5*w**3*cos(3*phi) - c^{i}_{2,4,1}*rho**5*w**3*sin(phi) + 1.0*I*c^{i}_{2,4,1}*rho**5*w**3*cos(phi) + c^{i}_{4,0,-3}*rho**3*w**5*sin(3*phi) + 1.0*I*c^{i}_{4,0,-3}*rho**3*w**5*cos(3*phi) - c^{i}_{4,2,1}*rho**3*w**5*sin(phi) + 1.0*I*c^{i}_{4,2,1}*rho**3*w**5*cos(phi) - c^{i}_{6,0,1}*rho*w**7*sin(phi) + 1.0*I*c^{i}_{6,0,1}*rho*w**7*cos(phi)

Cartesian coordinates:

H_+A = 1.0*I*c^{i}_{0,0,-7}*w*x*(x**6 - 21*x**4*y**2 + 35*x**2*y**4 - 7*y**6) + c^{i}_{0,0,-7}*w*y*(7*x**6 - 35*x**4*y**2 + 21*x**2*y**4 - y**6) + 1.0*I*c^{i}_{0,2,5}*w*x*(x**2 + y**2)*(x**4 - 10*x**2*y**2 + 5*y**4) - c^{i}_{0,2,5}*w*y*(x**2 + y**2)*(5*x**4 - 10*x**2*y**2 + y**4) + 1.0*I*c^{i}_{0,4,-3}*w*x*(x**2 - 3*y**2)*(x**2 + y**2)**2 + c^{i}_{0,4,-3}*w*y*(x**2 + y**2)**2*(3*x**2 - y**2) + 1.0*I*c^{i}_{0,6,1}*w*x*(x**2 + y**2)**3 - c^{i}_{0,6,1}*w*y*(x**2 + y**2)**3 + 1.0*I*c^{i}_{2,0,5}*w**3*x*(x**4 - 10*x**2*y**2 + 5*y**4) - c^{i}_{2,0,5}*w**3*y*(5*x**4 - 10*x**2*y**2 + y**4) + 1.0*I*c^{i}_{2,2,-3}*w**3*x*(x**2 - 3*y**2)*(x**2 + y**2) + c^{i}_{2,2,-3}*w**3*y*(x**2 + y**2)*(3*x**2 - y**2) + 1.0*I*c^{i}_{2,4,1}*w**3*x*(x**2 + y**2)**2 - c^{i}_{2,4,1}*w**3*y*(x**2 + y**2)**2 + 1.0*I*c^{i}_{4,0,-3}*w**5*x*(x**2 - 3*y**2) + c^{i}_{4,0,-3}*w**5*y*(3*x**2 - y**2) + 1.0*I*c^{i}_{4,2,1}*w**5*x*(x**2 + y**2) - c^{i}_{4,2,1}*w**5*y*(x**2 + y**2) + 1.0*I*c^{i}_{6,0,1}*w**7*x - c^{i}_{6,0,1}*w**7*y

H_-A = -1.0*I*c^{i}_{0,0,-7}*w*x*(x**6 - 21*x**4*y**2 + 35*x**2*y**4 - 7*y**6) + c^{i}_{0,0,-7}*w*y*(7*x**6 - 35*x**4*y**2 + 21*x**2*y**4 - y**6) - 1.0*I*c^{i}_{0,2,5}*w*x*(x**2 + y**2)*(x**4 - 10*x**2*y**2 + 5*y**4) - c^{i}_{0,2,5}*w*y*(x**2 + y**2)*(5*x**4 - 10*x**2*y**2 + y**4) - 1.0*I*c^{i}_{0,4,-3}*w*x*(x**2 - 3*y**2)*(x**2 + y**2)**2 + c^{i}_{0,4,-3}*w*y*(x**2 + y**2)**2*(3*x**2 - y**2) - 1.0*I*c^{i}_{0,6,1}*w*x*(x**2 + y**2)**3 - c^{i}_{0,6,1}*w*y*(x**2 + y**2)**3 - 1.0*I*c^{i}_{2,0,5}*w**3*x*(x**4 - 10*x**2*y**2 + 5*y**4) - c^{i}_{2,0,5}*w**3*y*(5*x**4 - 10*x**2*y**2 + y**4) - 1.0*I*c^{i}_{2,2,-3}*w**3*x*(x**2 - 3*y**2)*(x**2 + y**2) + c^{i}_{2,2,-3}*w**3*y*(x**2 + y**2)*(3*x**2 - y**2) - 1.0*I*c^{i}_{2,4,1}*w**3*x*(x**2 + y**2)**2 - c^{i}_{2,4,1}*w**3*y*(x**2 + y**2)**2 - 1.0*I*c^{i}_{4,0,-3}*w**5*x*(x**2 - 3*y**2) + c^{i}_{4,0,-3}*w**5*y*(3*x**2 - y**2) - 1.0*I*c^{i}_{4,2,1}*w**5*x*(x**2 + y**2) - c^{i}_{4,2,1}*w**5*y*(x**2 + y**2) - 1.0*I*c^{i}_{6,0,1}*w**7*x - c^{i}_{6,0,1}*w**7*y

H_A+ = -1.0*I*c^{i}_{0,0,-7}*w*x*(x**6 - 21*x**4*y**2 + 35*x**2*y**4 - 7*y**6) + c^{i}_{0,0,-7}*w*y*(7*x**6 - 35*x**4*y**2 + 21*x**2*y**4 - y**6) - 1.0*I*c^{i}_{0,2,5}*w*x*(x**2 + y**2)*(x**4 - 10*x**2*y**2 + 5*y**4) - c^{i}_{0,2,5}*w*y*(x**2 + y**2)*(5*x**4 - 10*x**2*y**2 + y**4) - 1.0*I*c^{i}_{0,4,-3}*w*x*(x**2 - 3*y**2)*(x**2 + y**2)**2 + c^{i}_{0,4,-3}*w*y*(x**2 + y**2)**2*(3*x**2 - y**2) - 1.0*I*c^{i}_{0,6,1}*w*x*(x**2 + y**2)**3 - c^{i}_{0,6,1}*w*y*(x**2 + y**2)**3 - 1.0*I*c^{i}_{2,0,5}*w**3*x*(x**4 - 10*x**2*y**2 + 5*y**4) - c^{i}_{2,0,5}*w**3*y*(5*x**4 - 10*x**2*y**2 + y**4) - 1.0*I*c^{i}_{2,2,-3}*w**3*x*(x**2 - 3*y**2)*(x**2 + y**2) + c^{i}_{2,2,-3}*w**3*y*(x**2 + y**2)*(3*x**2 - y**2) - 1.0*I*c^{i}_{2,4,1}*w**3*x*(x**2 + y**2)**2 - c^{i}_{2,4,1}*w**3*y*(x**2 + y**2)**2 - 1.0*I*c^{i}_{4,0,-3}*w**5*x*(x**2 - 3*y**2) + c^{i}_{4,0,-3}*w**5*y*(3*x**2 - y**2) - 1.0*I*c^{i}_{4,2,1}*w**5*x*(x**2 + y**2) - c^{i}_{4,2,1}*w**5*y*(x**2 + y**2) - 1.0*I*c^{i}_{6,0,1}*w**7*x - c^{i}_{6,0,1}*w**7*y

H_A- = 1.0*I*c^{i}_{0,0,-7}*w*x*(x**6 - 21*x**4*y**2 + 35*x**2*y**4 - 7*y**6) + c^{i}_{0,0,-7}*w*y*(7*x**6 - 35*x**4*y**2 + 21*x**2*y**4 - y**6) + 1.0*I*c^{i}_{0,2,5}*w*x*(x**2 + y**2)*(x**4 - 10*x**2*y**2 + 5*y**4) - c^{i}_{0,2,5}*w*y*(x**2 + y**2)*(5*x**4 - 10*x**2*y**2 + y**4) + 1.0*I*c^{i}_{0,4,-3}*w*x*(x**2 - 3*y**2)*(x**2 + y**2)**2 + c^{i}_{0,4,-3}*w*y*(x**2 + y**2)**2*(3*x**2 - y**2) + 1.0*I*c^{i}_{0,6,1}*w*x*(x**2 + y**2)**3 - c^{i}_{0,6,1}*w*y*(x**2 + y**2)**3 + 1.0*I*c^{i}_{2,0,5}*w**3*x*(x**4 - 10*x**2*y**2 + 5*y**4) - c^{i}_{2,0,5}*w**3*y*(5*x**4 - 10*x**2*y**2 + y**4) + 1.0*I*c^{i}_{2,2,-3}*w**3*x*(x**2 - 3*y**2)*(x**2 + y**2) + c^{i}_{2,2,-3}*w**3*y*(x**2 + y**2)*(3*x**2 - y**2) + 1.0*I*c^{i}_{2,4,1}*w**3*x*(x**2 + y**2)**2 - c^{i}_{2,4,1}*w**3*y*(x**2 + y**2)**2 + 1.0*I*c^{i}_{4,0,-3}*w**5*x*(x**2 - 3*y**2) + c^{i}_{4,0,-3}*w**5*y*(3*x**2 - y**2) + 1.0*I*c^{i}_{4,2,1}*w**5*x*(x**2 + y**2) - c^{i}_{4,2,1}*w**5*y*(x**2 + y**2) + 1.0*I*c^{i}_{6,0,1}*w**7*x - c^{i}_{6,0,1}*w**7*y

Order: 9

Polar coordinates:

H_+A = 0

H_-A = 0

H_A+ = 0

H_A- = 0

Cartesian coordinates:

H_+A = 0

H_-A = 0

H_A+ = 0

H_A- = 0

Order: 10

Polar coordinates:

H_+A = -c^{i}_{0,0,9}*rho**9*w*sin(9*phi) + 1.0*I*c^{i}_{0,0,9}*rho**9*w*cos(9*phi) + c^{i}_{0,2,-7}*rho**9*w*sin(7*phi) + 1.0*I*c^{i}_{0,2,-7}*rho**9*w*cos(7*phi) - c^{i}_{0,4,5}*rho**9*w*sin(5*phi) + 1.0*I*c^{i}_{0,4,5}*rho**9*w*cos(5*phi) + c^{i}_{0,6,-3}*rho**9*w*sin(3*phi) + 1.0*I*c^{i}_{0,6,-3}*rho**9*w*cos(3*phi) - c^{i}_{0,8,1}*rho**9*w*sin(phi) + 1.0*I*c^{i}_{0,8,1}*rho**9*w*cos(phi) + c^{i}_{2,0,-7}*rho**7*w**3*sin(7*phi) + 1.0*I*c^{i}_{2,0,-7}*rho**7*w**3*cos(7*phi) - c^{i}_{2,2,5}*rho**7*w**3*sin(5*phi) + 1.0*I*c^{i}_{2,2,5}*rho**7*w**3*cos(5*phi) + c^{i}_{2,4,-3}*rho**7*w**3*sin(3*phi) + 1.0*I*c^{i}_{2,4,-3}*rho**7*w**3*cos(3*phi) - c^{i}_{2,6,1}*rho**7*w**3*sin(phi) + 1.0*I*c^{i}_{2,6,1}*rho**7*w**3*cos(phi) - c^{i}_{4,0,5}*rho**5*w**5*sin(5*phi) + 1.0*I*c^{i}_{4,0,5}*rho**5*w**5*cos(5*phi) + c^{i}_{4,2,-3}*rho**5*w**5*sin(3*phi) + 1.0*I*c^{i}_{4,2,-3}*rho**5*w**5*cos(3*phi) - c^{i}_{4,4,1}*rho**5*w**5*sin(phi) + 1.0*I*c^{i}_{4,4,1}*rho**5*w**5*cos(phi) + c^{i}_{6,0,-3}*rho**3*w**7*sin(3*phi) + 1.0*I*c^{i}_{6,0,-3}*rho**3*w**7*cos(3*phi) - c^{i}_{6,2,1}*rho**3*w**7*sin(phi) + 1.0*I*c^{i}_{6,2,1}*rho**3*w**7*cos(phi) - c^{i}_{8,0,1}*rho*w**9*sin(phi) + 1.0*I*c^{i}_{8,0,1}*rho*w**9*cos(phi)

H_-A = -c^{i}_{0,0,9}*rho**9*w*sin(9*phi) - 1.0*I*c^{i}_{0,0,9}*rho**9*w*cos(9*phi) + c^{i}_{0,2,-7}*rho**9*w*sin(7*phi) - 1.0*I*c^{i}_{0,2,-7}*rho**9*w*cos(7*phi) - c^{i}_{0,4,5}*rho**9*w*sin(5*phi) - 1.0*I*c^{i}_{0,4,5}*rho**9*w*cos(5*phi) + c^{i}_{0,6,-3}*rho**9*w*sin(3*phi) - 1.0*I*c^{i}_{0,6,-3}*rho**9*w*cos(3*phi) - c^{i}_{0,8,1}*rho**9*w*sin(phi) - 1.0*I*c^{i}_{0,8,1}*rho**9*w*cos(phi) + c^{i}_{2,0,-7}*rho**7*w**3*sin(7*phi) - 1.0*I*c^{i}_{2,0,-7}*rho**7*w**3*cos(7*phi) - c^{i}_{2,2,5}*rho**7*w**3*sin(5*phi) - 1.0*I*c^{i}_{2,2,5}*rho**7*w**3*cos(5*phi) + c^{i}_{2,4,-3}*rho**7*w**3*sin(3*phi) - 1.0*I*c^{i}_{2,4,-3}*rho**7*w**3*cos(3*phi) - c^{i}_{2,6,1}*rho**7*w**3*sin(phi) - 1.0*I*c^{i}_{2,6,1}*rho**7*w**3*cos(phi) - c^{i}_{4,0,5}*rho**5*w**5*sin(5*phi) - 1.0*I*c^{i}_{4,0,5}*rho**5*w**5*cos(5*phi) + c^{i}_{4,2,-3}*rho**5*w**5*sin(3*phi) - 1.0*I*c^{i}_{4,2,-3}*rho**5*w**5*cos(3*phi) - c^{i}_{4,4,1}*rho**5*w**5*sin(phi) - 1.0*I*c^{i}_{4,4,1}*rho**5*w**5*cos(phi) + c^{i}_{6,0,-3}*rho**3*w**7*sin(3*phi) - 1.0*I*c^{i}_{6,0,-3}*rho**3*w**7*cos(3*phi) - c^{i}_{6,2,1}*rho**3*w**7*sin(phi) - 1.0*I*c^{i}_{6,2,1}*rho**3*w**7*cos(phi) - c^{i}_{8,0,1}*rho*w**9*sin(phi) - 1.0*I*c^{i}_{8,0,1}*rho*w**9*cos(phi)

H_A+ = -c^{i}_{0,0,9}*rho**9*w*sin(9*phi) - 1.0*I*c^{i}_{0,0,9}*rho**9*w*cos(9*phi) + c^{i}_{0,2,-7}*rho**9*w*sin(7*phi) - 1.0*I*c^{i}_{0,2,-7}*rho**9*w*cos(7*phi) - c^{i}_{0,4,5}*rho**9*w*sin(5*phi) - 1.0*I*c^{i}_{0,4,5}*rho**9*w*cos(5*phi) + c^{i}_{0,6,-3}*rho**9*w*sin(3*phi) - 1.0*I*c^{i}_{0,6,-3}*rho**9*w*cos(3*phi) - c^{i}_{0,8,1}*rho**9*w*sin(phi) - 1.0*I*c^{i}_{0,8,1}*rho**9*w*cos(phi) + c^{i}_{2,0,-7}*rho**7*w**3*sin(7*phi) - 1.0*I*c^{i}_{2,0,-7}*rho**7*w**3*cos(7*phi) - c^{i}_{2,2,5}*rho**7*w**3*sin(5*phi) - 1.0*I*c^{i}_{2,2,5}*rho**7*w**3*cos(5*phi) + c^{i}_{2,4,-3}*rho**7*w**3*sin(3*phi) - 1.0*I*c^{i}_{2,4,-3}*rho**7*w**3*cos(3*phi) - c^{i}_{2,6,1}*rho**7*w**3*sin(phi) - 1.0*I*c^{i}_{2,6,1}*rho**7*w**3*cos(phi) - c^{i}_{4,0,5}*rho**5*w**5*sin(5*phi) - 1.0*I*c^{i}_{4,0,5}*rho**5*w**5*cos(5*phi) + c^{i}_{4,2,-3}*rho**5*w**5*sin(3*phi) - 1.0*I*c^{i}_{4,2,-3}*rho**5*w**5*cos(3*phi) - c^{i}_{4,4,1}*rho**5*w**5*sin(phi) - 1.0*I*c^{i}_{4,4,1}*rho**5*w**5*cos(phi) + c^{i}_{6,0,-3}*rho**3*w**7*sin(3*phi) - 1.0*I*c^{i}_{6,0,-3}*rho**3*w**7*cos(3*phi) - c^{i}_{6,2,1}*rho**3*w**7*sin(phi) - 1.0*I*c^{i}_{6,2,1}*rho**3*w**7*cos(phi) - c^{i}_{8,0,1}*rho*w**9*sin(phi) - 1.0*I*c^{i}_{8,0,1}*rho*w**9*cos(phi)

H_A- = -c^{i}_{0,0,9}*rho**9*w*sin(9*phi) + 1.0*I*c^{i}_{0,0,9}*rho**9*w*cos(9*phi) + c^{i}_{0,2,-7}*rho**9*w*sin(7*phi) + 1.0*I*c^{i}_{0,2,-7}*rho**9*w*cos(7*phi) - c^{i}_{0,4,5}*rho**9*w*sin(5*phi) + 1.0*I*c^{i}_{0,4,5}*rho**9*w*cos(5*phi) + c^{i}_{0,6,-3}*rho**9*w*sin(3*phi) + 1.0*I*c^{i}_{0,6,-3}*rho**9*w*cos(3*phi) - c^{i}_{0,8,1}*rho**9*w*sin(phi) + 1.0*I*c^{i}_{0,8,1}*rho**9*w*cos(phi) + c^{i}_{2,0,-7}*rho**7*w**3*sin(7*phi) + 1.0*I*c^{i}_{2,0,-7}*rho**7*w**3*cos(7*phi) - c^{i}_{2,2,5}*rho**7*w**3*sin(5*phi) + 1.0*I*c^{i}_{2,2,5}*rho**7*w**3*cos(5*phi) + c^{i}_{2,4,-3}*rho**7*w**3*sin(3*phi) + 1.0*I*c^{i}_{2,4,-3}*rho**7*w**3*cos(3*phi) - c^{i}_{2,6,1}*rho**7*w**3*sin(phi) + 1.0*I*c^{i}_{2,6,1}*rho**7*w**3*cos(phi) - c^{i}_{4,0,5}*rho**5*w**5*sin(5*phi) + 1.0*I*c^{i}_{4,0,5}*rho**5*w**5*cos(5*phi) + c^{i}_{4,2,-3}*rho**5*w**5*sin(3*phi) + 1.0*I*c^{i}_{4,2,-3}*rho**5*w**5*cos(3*phi) - c^{i}_{4,4,1}*rho**5*w**5*sin(phi) + 1.0*I*c^{i}_{4,4,1}*rho**5*w**5*cos(phi) + c^{i}_{6,0,-3}*rho**3*w**7*sin(3*phi) + 1.0*I*c^{i}_{6,0,-3}*rho**3*w**7*cos(3*phi) - c^{i}_{6,2,1}*rho**3*w**7*sin(phi) + 1.0*I*c^{i}_{6,2,1}*rho**3*w**7*cos(phi) - c^{i}_{8,0,1}*rho*w**9*sin(phi) + 1.0*I*c^{i}_{8,0,1}*rho*w**9*cos(phi)

Cartesian coordinates:

H_+A = 1.0*I*c^{i}_{0,0,9}*w*x*(x**2 - 3*y**2)*(x**6 - 33*x**4*y**2 + 27*x**2*y**4 - 3*y**6) - c^{i}_{0,0,9}*w*y*(3*x**2 - y**2)*(3*x**6 - 27*x**4*y**2 + 33*x**2*y**4 - y**6) + 1.0*I*c^{i}_{0,2,-7}*w*x*(x**2 + y**2)*(x**6 - 21*x**4*y**2 + 35*x**2*y**4 - 7*y**6) + c^{i}_{0,2,-7}*w*y*(x**2 + y**2)*(7*x**6 - 35*x**4*y**2 + 21*x**2*y**4 - y**6) + 1.0*I*c^{i}_{0,4,5}*w*x*(x**2 + y**2)**2*(x**4 - 10*x**2*y**2 + 5*y**4) - c^{i}_{0,4,5}*w*y*(x**2 + y**2)**2*(5*x**4 - 10*x**2*y**2 + y**4) + 1.0*I*c^{i}_{0,6,-3}*w*x*(x**2 - 3*y**2)*(x**2 + y**2)**3 + c^{i}_{0,6,-3}*w*y*(x**2 + y**2)**3*(3*x**2 - y**2) + 1.0*I*c^{i}_{0,8,1}*w*x*(x**2 + y**2)**4 - c^{i}_{0,8,1}*w*y*(x**2 + y**2)**4 + 1.0*I*c^{i}_{2,0,-7}*w**3*x*(x**6 - 21*x**4*y**2 + 35*x**2*y**4 - 7*y**6) + c^{i}_{2,0,-7}*w**3*y*(7*x**6 - 35*x**4*y**2 + 21*x**2*y**4 - y**6) + 1.0*I*c^{i}_{2,2,5}*w**3*x*(x**2 + y**2)*(x**4 - 10*x**2*y**2 + 5*y**4) - c^{i}_{2,2,5}*w**3*y*(x**2 + y**2)*(5*x**4 - 10*x**2*y**2 + y**4) + 1.0*I*c^{i}_{2,4,-3}*w**3*x*(x**2 - 3*y**2)*(x**2 + y**2)**2 + c^{i}_{2,4,-3}*w**3*y*(x**2 + y**2)**2*(3*x**2 - y**2) + 1.0*I*c^{i}_{2,6,1}*w**3*x*(x**2 + y**2)**3 - c^{i}_{2,6,1}*w**3*y*(x**2 + y**2)**3 + 1.0*I*c^{i}_{4,0,5}*w**5*x*(x**4 - 10*x**2*y**2 + 5*y**4) - c^{i}_{4,0,5}*w**5*y*(5*x**4 - 10*x**2*y**2 + y**4) + 1.0*I*c^{i}_{4,2,-3}*w**5*x*(x**2 - 3*y**2)*(x**2 + y**2) + c^{i}_{4,2,-3}*w**5*y*(x**2 + y**2)*(3*x**2 - y**2) + 1.0*I*c^{i}_{4,4,1}*w**5*x*(x**2 + y**2)**2 - c^{i}_{4,4,1}*w**5*y*(x**2 + y**2)**2 + 1.0*I*c^{i}_{6,0,-3}*w**7*x*(x**2 - 3*y**2) + c^{i}_{6,0,-3}*w**7*y*(3*x**2 - y**2) + 1.0*I*c^{i}_{6,2,1}*w**7*x*(x**2 + y**2) - c^{i}_{6,2,1}*w**7*y*(x**2 + y**2) + 1.0*I*c^{i}_{8,0,1}*w**9*x - c^{i}_{8,0,1}*w**9*y

H_-A = -1.0*I*c^{i}_{0,0,9}*w*x*(x**2 - 3*y**2)*(x**6 - 33*x**4*y**2 + 27*x**2*y**4 - 3*y**6) - c^{i}_{0,0,9}*w*y*(3*x**2 - y**2)*(3*x**6 - 27*x**4*y**2 + 33*x**2*y**4 - y**6) - 1.0*I*c^{i}_{0,2,-7}*w*x*(x**2 + y**2)*(x**6 - 21*x**4*y**2 + 35*x**2*y**4 - 7*y**6) + c^{i}_{0,2,-7}*w*y*(x**2 + y**2)*(7*x**6 - 35*x**4*y**2 + 21*x**2*y**4 - y**6) - 1.0*I*c^{i}_{0,4,5}*w*x*(x**2 + y**2)**2*(x**4 - 10*x**2*y**2 + 5*y**4) - c^{i}_{0,4,5}*w*y*(x**2 + y**2)**2*(5*x**4 - 10*x**2*y**2 + y**4) - 1.0*I*c^{i}_{0,6,-3}*w*x*(x**2 - 3*y**2)*(x**2 + y**2)**3 + c^{i}_{0,6,-3}*w*y*(x**2 + y**2)**3*(3*x**2 - y**2) - 1.0*I*c^{i}_{0,8,1}*w*x*(x**2 + y**2)**4 - c^{i}_{0,8,1}*w*y*(x**2 + y**2)**4 - 1.0*I*c^{i}_{2,0,-7}*w**3*x*(x**6 - 21*x**4*y**2 + 35*x**2*y**4 - 7*y**6) + c^{i}_{2,0,-7}*w**3*y*(7*x**6 - 35*x**4*y**2 + 21*x**2*y**4 - y**6) - 1.0*I*c^{i}_{2,2,5}*w**3*x*(x**2 + y**2)*(x**4 - 10*x**2*y**2 + 5*y**4) - c^{i}_{2,2,5}*w**3*y*(x**2 + y**2)*(5*x**4 - 10*x**2*y**2 + y**4) - 1.0*I*c^{i}_{2,4,-3}*w**3*x*(x**2 - 3*y**2)*(x**2 + y**2)**2 + c^{i}_{2,4,-3}*w**3*y*(x**2 + y**2)**2*(3*x**2 - y**2) - 1.0*I*c^{i}_{2,6,1}*w**3*x*(x**2 + y**2)**3 - c^{i}_{2,6,1}*w**3*y*(x**2 + y**2)**3 - 1.0*I*c^{i}_{4,0,5}*w**5*x*(x**4 - 10*x**2*y**2 + 5*y**4) - c^{i}_{4,0,5}*w**5*y*(5*x**4 - 10*x**2*y**2 + y**4) - 1.0*I*c^{i}_{4,2,-3}*w**5*x*(x**2 - 3*y**2)*(x**2 + y**2) + c^{i}_{4,2,-3}*w**5*y*(x**2 + y**2)*(3*x**2 - y**2) - 1.0*I*c^{i}_{4,4,1}*w**5*x*(x**2 + y**2)**2 - c^{i}_{4,4,1}*w**5*y*(x**2 + y**2)**2 - 1.0*I*c^{i}_{6,0,-3}*w**7*x*(x**2 - 3*y**2) + c^{i}_{6,0,-3}*w**7*y*(3*x**2 - y**2) - 1.0*I*c^{i}_{6,2,1}*w**7*x*(x**2 + y**2) - c^{i}_{6,2,1}*w**7*y*(x**2 + y**2) - 1.0*I*c^{i}_{8,0,1}*w**9*x - c^{i}_{8,0,1}*w**9*y

H_A+ = -1.0*I*c^{i}_{0,0,9}*w*x*(x**2 - 3*y**2)*(x**6 - 33*x**4*y**2 + 27*x**2*y**4 - 3*y**6) - c^{i}_{0,0,9}*w*y*(3*x**2 - y**2)*(3*x**6 - 27*x**4*y**2 + 33*x**2*y**4 - y**6) - 1.0*I*c^{i}_{0,2,-7}*w*x*(x**2 + y**2)*(x**6 - 21*x**4*y**2 + 35*x**2*y**4 - 7*y**6) + c^{i}_{0,2,-7}*w*y*(x**2 + y**2)*(7*x**6 - 35*x**4*y**2 + 21*x**2*y**4 - y**6) - 1.0*I*c^{i}_{0,4,5}*w*x*(x**2 + y**2)**2*(x**4 - 10*x**2*y**2 + 5*y**4) - c^{i}_{0,4,5}*w*y*(x**2 + y**2)**2*(5*x**4 - 10*x**2*y**2 + y**4) - 1.0*I*c^{i}_{0,6,-3}*w*x*(x**2 - 3*y**2)*(x**2 + y**2)**3 + c^{i}_{0,6,-3}*w*y*(x**2 + y**2)**3*(3*x**2 - y**2) - 1.0*I*c^{i}_{0,8,1}*w*x*(x**2 + y**2)**4 - c^{i}_{0,8,1}*w*y*(x**2 + y**2)**4 - 1.0*I*c^{i}_{2,0,-7}*w**3*x*(x**6 - 21*x**4*y**2 + 35*x**2*y**4 - 7*y**6) + c^{i}_{2,0,-7}*w**3*y*(7*x**6 - 35*x**4*y**2 + 21*x**2*y**4 - y**6) - 1.0*I*c^{i}_{2,2,5}*w**3*x*(x**2 + y**2)*(x**4 - 10*x**2*y**2 + 5*y**4) - c^{i}_{2,2,5}*w**3*y*(x**2 + y**2)*(5*x**4 - 10*x**2*y**2 + y**4) - 1.0*I*c^{i}_{2,4,-3}*w**3*x*(x**2 - 3*y**2)*(x**2 + y**2)**2 + c^{i}_{2,4,-3}*w**3*y*(x**2 + y**2)**2*(3*x**2 - y**2) - 1.0*I*c^{i}_{2,6,1}*w**3*x*(x**2 + y**2)**3 - c^{i}_{2,6,1}*w**3*y*(x**2 + y**2)**3 - 1.0*I*c^{i}_{4,0,5}*w**5*x*(x**4 - 10*x**2*y**2 + 5*y**4) - c^{i}_{4,0,5}*w**5*y*(5*x**4 - 10*x**2*y**2 + y**4) - 1.0*I*c^{i}_{4,2,-3}*w**5*x*(x**2 - 3*y**2)*(x**2 + y**2) + c^{i}_{4,2,-3}*w**5*y*(x**2 + y**2)*(3*x**2 - y**2) - 1.0*I*c^{i}_{4,4,1}*w**5*x*(x**2 + y**2)**2 - c^{i}_{4,4,1}*w**5*y*(x**2 + y**2)**2 - 1.0*I*c^{i}_{6,0,-3}*w**7*x*(x**2 - 3*y**2) + c^{i}_{6,0,-3}*w**7*y*(3*x**2 - y**2) - 1.0*I*c^{i}_{6,2,1}*w**7*x*(x**2 + y**2) - c^{i}_{6,2,1}*w**7*y*(x**2 + y**2) - 1.0*I*c^{i}_{8,0,1}*w**9*x - c^{i}_{8,0,1}*w**9*y

H_A- = 1.0*I*c^{i}_{0,0,9}*w*x*(x**2 - 3*y**2)*(x**6 - 33*x**4*y**2 + 27*x**2*y**4 - 3*y**6) - c^{i}_{0,0,9}*w*y*(3*x**2 - y**2)*(3*x**6 - 27*x**4*y**2 + 33*x**2*y**4 - y**6) + 1.0*I*c^{i}_{0,2,-7}*w*x*(x**2 + y**2)*(x**6 - 21*x**4*y**2 + 35*x**2*y**4 - 7*y**6) + c^{i}_{0,2,-7}*w*y*(x**2 + y**2)*(7*x**6 - 35*x**4*y**2 + 21*x**2*y**4 - y**6) + 1.0*I*c^{i}_{0,4,5}*w*x*(x**2 + y**2)**2*(x**4 - 10*x**2*y**2 + 5*y**4) - c^{i}_{0,4,5}*w*y*(x**2 + y**2)**2*(5*x**4 - 10*x**2*y**2 + y**4) + 1.0*I*c^{i}_{0,6,-3}*w*x*(x**2 - 3*y**2)*(x**2 + y**2)**3 + c^{i}_{0,6,-3}*w*y*(x**2 + y**2)**3*(3*x**2 - y**2) + 1.0*I*c^{i}_{0,8,1}*w*x*(x**2 + y**2)**4 - c^{i}_{0,8,1}*w*y*(x**2 + y**2)**4 + 1.0*I*c^{i}_{2,0,-7}*w**3*x*(x**6 - 21*x**4*y**2 + 35*x**2*y**4 - 7*y**6) + c^{i}_{2,0,-7}*w**3*y*(7*x**6 - 35*x**4*y**2 + 21*x**2*y**4 - y**6) + 1.0*I*c^{i}_{2,2,5}*w**3*x*(x**2 + y**2)*(x**4 - 10*x**2*y**2 + 5*y**4) - c^{i}_{2,2,5}*w**3*y*(x**2 + y**2)*(5*x**4 - 10*x**2*y**2 + y**4) + 1.0*I*c^{i}_{2,4,-3}*w**3*x*(x**2 - 3*y**2)*(x**2 + y**2)**2 + c^{i}_{2,4,-3}*w**3*y*(x**2 + y**2)**2*(3*x**2 - y**2) + 1.0*I*c^{i}_{2,6,1}*w**3*x*(x**2 + y**2)**3 - c^{i}_{2,6,1}*w**3*y*(x**2 + y**2)**3 + 1.0*I*c^{i}_{4,0,5}*w**5*x*(x**4 - 10*x**2*y**2 + 5*y**4) - c^{i}_{4,0,5}*w**5*y*(5*x**4 - 10*x**2*y**2 + y**4) + 1.0*I*c^{i}_{4,2,-3}*w**5*x*(x**2 - 3*y**2)*(x**2 + y**2) + c^{i}_{4,2,-3}*w**5*y*(x**2 + y**2)*(3*x**2 - y**2) + 1.0*I*c^{i}_{4,4,1}*w**5*x*(x**2 + y**2)**2 - c^{i}_{4,4,1}*w**5*y*(x**2 + y**2)**2 + 1.0*I*c^{i}_{6,0,-3}*w**7*x*(x**2 - 3*y**2) + c^{i}_{6,0,-3}*w**7*y*(3*x**2 - y**2) + 1.0*I*c^{i}_{6,2,1}*w**7*x*(x**2 + y**2) - c^{i}_{6,2,1}*w**7*y*(x**2 + y**2) + 1.0*I*c^{i}_{8,0,1}*w**9*x - c^{i}_{8,0,1}*w**9*y


