
---------------------------------------
  VHEGEN instance parameters:
  Symmetry: C3
  Problem: (E+E)x(e+e)
  Expansion orders: range(0, 3)
  Output filename: output
---------------------------------------
Independent matrix elements: Eigenvals

H_+_alpha__+_beta: [1, 1, -1, 1]
H_+_alpha__-_beta: [-0.5 - 0.5*sqrt(3)*I, 1, -1, 1]

Root formulas:

H_+_alpha__+_beta : a^{r}_{2K1,2K2,m1,3n}*rho_alpha**(Abs(m1)+2K1)*rho_beta**(Abs(3n-m1)+2K2)*cos((m1)*phi_alpha +(3n-m1)*phi_beta) -1*a^{i}_{2K1,2K2,m1,3n}*rho_alpha**(Abs(m1)+2K1)*rho_beta**(Abs(3n-m1)+2K2)*sin((m1)*phi_alpha +(3n-m1)*phi_beta)+ i*a^{r}_{2K1,2K2,m1,3n}*rho_alpha**(Abs(m1)+2K1)*rho_beta**(Abs(3n-m1)+2K2)*sin((m1)*phi_alpha +(3n-m1)*phi_beta)+ i*a^{i}_{2K1,2K2,m1,3n}*rho_alpha**(Abs(m1)+2K1)*rho_beta**(Abs(3n-m1)+2K2)*cos((m1)*phi_alpha +(3n-m1)*phi_beta)
H_+_alpha__-_beta : b^{r}_{2K1,2K2,m1,3n-1}*rho_alpha**(Abs(m1)+2K1)*rho_beta**(Abs(3n-1-m1)+2K2)*cos((m1)*phi_alpha +(3n-1-m1)*phi_beta) -1*b^{i}_{2K1,2K2,m1,3n-1}*rho_alpha**(Abs(m1)+2K1)*rho_beta**(Abs(3n-1-m1)+2K2)*sin((m1)*phi_alpha +(3n-1-m1)*phi_beta)+ i*b^{r}_{2K1,2K2,m1,3n-1}*rho_alpha**(Abs(m1)+2K1)*rho_beta**(Abs(3n-1-m1)+2K2)*sin((m1)*phi_alpha +(3n-1-m1)*phi_beta)+ i*b^{i}_{2K1,2K2,m1,3n-1}*rho_alpha**(Abs(m1)+2K1)*rho_beta**(Abs(3n-1-m1)+2K2)*cos((m1)*phi_alpha +(3n-1-m1)*phi_beta)

Constraints:

H_+_alpha__+_beta : all nr
H_+_alpha__-_beta : all nr


Complex to real basis transformation:

X_alpha__X_beta = re(+_alpha__+_beta) + re(+_alpha__-_beta)

X_alpha__Y_beta = 1.0*im(+_alpha__+_beta) - 1.0*im(+_alpha__-_beta)

Y_alpha__X_beta = -im(+_alpha__+_beta) - im(+_alpha__-_beta)

Y_alpha__Y_beta = 1.0*re(+_alpha__+_beta) - 1.0*re(+_alpha__-_beta)

X_beta__X_alpha = re(+_alpha__+_beta) + re(+_alpha__-_beta)

X_beta__Y_alpha = -1.0*im(+_alpha__+_beta) - 1.0*im(+_alpha__-_beta)

Y_beta__X_alpha = im(+_alpha__+_beta) - im(+_alpha__-_beta)

Y_beta__Y_alpha = 1.0*re(+_alpha__+_beta) - 1.0*re(+_alpha__-_beta)



Number of fitting parameters (complex): 

Order 0:
H_+_alpha__+_beta: 2
H_+_alpha__-_beta: 0
Order 1:
H_+_alpha__+_beta: 0
H_+_alpha__-_beta: 4
Order 2:
H_+_alpha__+_beta: 8
H_+_alpha__-_beta: 6

Number of fitting parameters (real): 

Order 0:
H_X_alpha__X_beta: {+_alpha__+_beta: 1, +_alpha__-_beta: 0}
H_X_alpha__Y_beta: {+_alpha__+_beta: 1, +_alpha__-_beta: 0}
H_Y_alpha__X_beta: {+_alpha__+_beta: 1, +_alpha__-_beta: 0}
H_Y_alpha__Y_beta: {+_alpha__+_beta: 1, +_alpha__-_beta: 0}
H_X_beta__X_alpha: {+_alpha__+_beta: 1, +_alpha__-_beta: 0}
H_X_beta__Y_alpha: {+_alpha__+_beta: 1, +_alpha__-_beta: 0}
H_Y_beta__X_alpha: {+_alpha__-_beta: 0, +_alpha__+_beta: 1}
H_Y_beta__Y_alpha: {+_alpha__+_beta: 1, +_alpha__-_beta: 0}
Order 1:
H_X_alpha__X_beta: {+_alpha__+_beta: 0, +_alpha__-_beta: 4}
H_X_alpha__Y_beta: {+_alpha__+_beta: 0, +_alpha__-_beta: 4}
H_Y_alpha__X_beta: {+_alpha__+_beta: 0, +_alpha__-_beta: 4}
H_Y_alpha__Y_beta: {+_alpha__+_beta: 0, +_alpha__-_beta: 4}
H_X_beta__X_alpha: {+_alpha__+_beta: 0, +_alpha__-_beta: 4}
H_X_beta__Y_alpha: {+_alpha__+_beta: 0, +_alpha__-_beta: 4}
H_Y_beta__X_alpha: {+_alpha__-_beta: 4, +_alpha__+_beta: 0}
H_Y_beta__Y_alpha: {+_alpha__+_beta: 0, +_alpha__-_beta: 4}
Order 2:
H_X_alpha__X_beta: {+_alpha__+_beta: 6, +_alpha__-_beta: 6}
H_X_alpha__Y_beta: {+_alpha__+_beta: 6, +_alpha__-_beta: 6}
H_Y_alpha__X_beta: {+_alpha__+_beta: 6, +_alpha__-_beta: 6}
H_Y_alpha__Y_beta: {+_alpha__+_beta: 6, +_alpha__-_beta: 6}
H_X_beta__X_alpha: {+_alpha__+_beta: 6, +_alpha__-_beta: 6}
H_X_beta__Y_alpha: {+_alpha__+_beta: 6, +_alpha__-_beta: 6}
H_Y_beta__X_alpha: {+_alpha__-_beta: 6, +_alpha__+_beta: 6}
H_Y_beta__Y_alpha: {+_alpha__+_beta: 6, +_alpha__-_beta: 6}

Matrix element expansions: 

Order: 0

Polar coordinates:

H_+_alpha__+_beta = 1.0*I*a^{i}_{0,0,0,0} + a^{r}_{0,0,0,0}

H_-_alpha__-_beta = -1.0*I*a^{i}_{0,0,0,0} + a^{r}_{0,0,0,0}

H_+_beta__+_alpha = -1.0*I*a^{i}_{0,0,0,0} + a^{r}_{0,0,0,0}

H_-_beta__-_alpha = 1.0*I*a^{i}_{0,0,0,0} + a^{r}_{0,0,0,0}

H_+_alpha__-_beta = 0

H_-_alpha__+_beta = 0

H_+_beta__-_alpha = 0

H_-_beta__+_alpha = 0

Cartesian coordinates:

H_+_alpha__+_beta = 1.0*I*a^{i}_{0,0,0,0} + a^{r}_{0,0,0,0}

H_-_alpha__-_beta = -1.0*I*a^{i}_{0,0,0,0} + a^{r}_{0,0,0,0}

H_+_beta__+_alpha = -1.0*I*a^{i}_{0,0,0,0} + a^{r}_{0,0,0,0}

H_-_beta__-_alpha = 1.0*I*a^{i}_{0,0,0,0} + a^{r}_{0,0,0,0}

H_+_alpha__-_beta = 0

H_-_alpha__+_beta = 0

H_+_beta__-_alpha = 0

H_-_beta__+_alpha = 0

Order: 1

Polar coordinates:

H_+_alpha__+_beta = 0

H_-_alpha__-_beta = 0

H_+_beta__+_alpha = 0

H_-_beta__-_alpha = 0

H_+_alpha__-_beta = b^{i}_{0,0,-1,-1}*rho_alpha*sin(phi_alpha) + 1.0*I*b^{i}_{0,0,-1,-1}*rho_alpha*cos(phi_alpha) + b^{i}_{0,0,0,-1}*rho_beta*sin(phi_beta) + 1.0*I*b^{i}_{0,0,0,-1}*rho_beta*cos(phi_beta) - 1.0*I*b^{r}_{0,0,-1,-1}*rho_alpha*sin(phi_alpha) + b^{r}_{0,0,-1,-1}*rho_alpha*cos(phi_alpha) - 1.0*I*b^{r}_{0,0,0,-1}*rho_beta*sin(phi_beta) + b^{r}_{0,0,0,-1}*rho_beta*cos(phi_beta)

H_-_alpha__+_beta = b^{i}_{0,0,-1,-1}*rho_alpha*sin(phi_alpha) - 1.0*I*b^{i}_{0,0,-1,-1}*rho_alpha*cos(phi_alpha) + b^{i}_{0,0,0,-1}*rho_beta*sin(phi_beta) - 1.0*I*b^{i}_{0,0,0,-1}*rho_beta*cos(phi_beta) + 1.0*I*b^{r}_{0,0,-1,-1}*rho_alpha*sin(phi_alpha) + b^{r}_{0,0,-1,-1}*rho_alpha*cos(phi_alpha) + 1.0*I*b^{r}_{0,0,0,-1}*rho_beta*sin(phi_beta) + b^{r}_{0,0,0,-1}*rho_beta*cos(phi_beta)

H_+_beta__-_alpha = b^{i}_{0,0,-1,-1}*rho_alpha*sin(phi_alpha) + 1.0*I*b^{i}_{0,0,-1,-1}*rho_alpha*cos(phi_alpha) + b^{i}_{0,0,0,-1}*rho_beta*sin(phi_beta) + 1.0*I*b^{i}_{0,0,0,-1}*rho_beta*cos(phi_beta) - 1.0*I*b^{r}_{0,0,-1,-1}*rho_alpha*sin(phi_alpha) + b^{r}_{0,0,-1,-1}*rho_alpha*cos(phi_alpha) - 1.0*I*b^{r}_{0,0,0,-1}*rho_beta*sin(phi_beta) + b^{r}_{0,0,0,-1}*rho_beta*cos(phi_beta)

H_-_beta__+_alpha = b^{i}_{0,0,-1,-1}*rho_alpha*sin(phi_alpha) - 1.0*I*b^{i}_{0,0,-1,-1}*rho_alpha*cos(phi_alpha) + b^{i}_{0,0,0,-1}*rho_beta*sin(phi_beta) - 1.0*I*b^{i}_{0,0,0,-1}*rho_beta*cos(phi_beta) + 1.0*I*b^{r}_{0,0,-1,-1}*rho_alpha*sin(phi_alpha) + b^{r}_{0,0,-1,-1}*rho_alpha*cos(phi_alpha) + 1.0*I*b^{r}_{0,0,0,-1}*rho_beta*sin(phi_beta) + b^{r}_{0,0,0,-1}*rho_beta*cos(phi_beta)

Cartesian coordinates:

H_+_alpha__+_beta = 0

H_-_alpha__-_beta = 0

H_+_beta__+_alpha = 0

H_-_beta__-_alpha = 0

H_+_alpha__-_beta = 1.0*I*b^{i}_{0,0,-1,-1}*x_alpha + b^{i}_{0,0,-1,-1}*y_alpha + 1.0*I*b^{i}_{0,0,0,-1}*x_beta + b^{i}_{0,0,0,-1}*y_beta + b^{r}_{0,0,-1,-1}*x_alpha - 1.0*I*b^{r}_{0,0,-1,-1}*y_alpha + b^{r}_{0,0,0,-1}*x_beta - 1.0*I*b^{r}_{0,0,0,-1}*y_beta

H_-_alpha__+_beta = -1.0*I*b^{i}_{0,0,-1,-1}*x_alpha + b^{i}_{0,0,-1,-1}*y_alpha - 1.0*I*b^{i}_{0,0,0,-1}*x_beta + b^{i}_{0,0,0,-1}*y_beta + b^{r}_{0,0,-1,-1}*x_alpha + 1.0*I*b^{r}_{0,0,-1,-1}*y_alpha + b^{r}_{0,0,0,-1}*x_beta + 1.0*I*b^{r}_{0,0,0,-1}*y_beta

H_+_beta__-_alpha = 1.0*I*b^{i}_{0,0,-1,-1}*x_alpha + b^{i}_{0,0,-1,-1}*y_alpha + 1.0*I*b^{i}_{0,0,0,-1}*x_beta + b^{i}_{0,0,0,-1}*y_beta + b^{r}_{0,0,-1,-1}*x_alpha - 1.0*I*b^{r}_{0,0,-1,-1}*y_alpha + b^{r}_{0,0,0,-1}*x_beta - 1.0*I*b^{r}_{0,0,0,-1}*y_beta

H_-_beta__+_alpha = -1.0*I*b^{i}_{0,0,-1,-1}*x_alpha + b^{i}_{0,0,-1,-1}*y_alpha - 1.0*I*b^{i}_{0,0,0,-1}*x_beta + b^{i}_{0,0,0,-1}*y_beta + b^{r}_{0,0,-1,-1}*x_alpha + 1.0*I*b^{r}_{0,0,-1,-1}*y_alpha + b^{r}_{0,0,0,-1}*x_beta + 1.0*I*b^{r}_{0,0,0,-1}*y_beta

Order: 2

Polar coordinates:

H_+_alpha__+_beta = a^{i}_{0,0,-1,0}*rho_alpha*rho_beta*sin(phi_alpha - phi_beta) + 1.0*I*a^{i}_{0,0,-1,0}*rho_alpha*rho_beta*cos(phi_alpha - phi_beta) - a^{i}_{0,0,1,0}*rho_alpha*rho_beta*sin(phi_alpha - phi_beta) + 1.0*I*a^{i}_{0,0,1,0}*rho_alpha*rho_beta*cos(phi_alpha - phi_beta) + 1.0*I*a^{i}_{0,2,0,0}*rho_beta**2 + 1.0*I*a^{i}_{2,0,0,0}*rho_alpha**2 - 1.0*I*a^{r}_{0,0,-1,0}*rho_alpha*rho_beta*sin(phi_alpha - phi_beta) + a^{r}_{0,0,-1,0}*rho_alpha*rho_beta*cos(phi_alpha - phi_beta) + 1.0*I*a^{r}_{0,0,1,0}*rho_alpha*rho_beta*sin(phi_alpha - phi_beta) + a^{r}_{0,0,1,0}*rho_alpha*rho_beta*cos(phi_alpha - phi_beta) + a^{r}_{0,2,0,0}*rho_beta**2 + a^{r}_{2,0,0,0}*rho_alpha**2

H_-_alpha__-_beta = a^{i}_{0,0,-1,0}*rho_alpha*rho_beta*sin(phi_alpha - phi_beta) - 1.0*I*a^{i}_{0,0,-1,0}*rho_alpha*rho_beta*cos(phi_alpha - phi_beta) - a^{i}_{0,0,1,0}*rho_alpha*rho_beta*sin(phi_alpha - phi_beta) - 1.0*I*a^{i}_{0,0,1,0}*rho_alpha*rho_beta*cos(phi_alpha - phi_beta) - 1.0*I*a^{i}_{0,2,0,0}*rho_beta**2 - 1.0*I*a^{i}_{2,0,0,0}*rho_alpha**2 + 1.0*I*a^{r}_{0,0,-1,0}*rho_alpha*rho_beta*sin(phi_alpha - phi_beta) + a^{r}_{0,0,-1,0}*rho_alpha*rho_beta*cos(phi_alpha - phi_beta) - 1.0*I*a^{r}_{0,0,1,0}*rho_alpha*rho_beta*sin(phi_alpha - phi_beta) + a^{r}_{0,0,1,0}*rho_alpha*rho_beta*cos(phi_alpha - phi_beta) + a^{r}_{0,2,0,0}*rho_beta**2 + a^{r}_{2,0,0,0}*rho_alpha**2

H_+_beta__+_alpha = a^{i}_{0,0,-1,0}*rho_alpha*rho_beta*sin(phi_alpha - phi_beta) - 1.0*I*a^{i}_{0,0,-1,0}*rho_alpha*rho_beta*cos(phi_alpha - phi_beta) - a^{i}_{0,0,1,0}*rho_alpha*rho_beta*sin(phi_alpha - phi_beta) - 1.0*I*a^{i}_{0,0,1,0}*rho_alpha*rho_beta*cos(phi_alpha - phi_beta) - 1.0*I*a^{i}_{0,2,0,0}*rho_beta**2 - 1.0*I*a^{i}_{2,0,0,0}*rho_alpha**2 + 1.0*I*a^{r}_{0,0,-1,0}*rho_alpha*rho_beta*sin(phi_alpha - phi_beta) + a^{r}_{0,0,-1,0}*rho_alpha*rho_beta*cos(phi_alpha - phi_beta) - 1.0*I*a^{r}_{0,0,1,0}*rho_alpha*rho_beta*sin(phi_alpha - phi_beta) + a^{r}_{0,0,1,0}*rho_alpha*rho_beta*cos(phi_alpha - phi_beta) + a^{r}_{0,2,0,0}*rho_beta**2 + a^{r}_{2,0,0,0}*rho_alpha**2

H_-_beta__-_alpha = a^{i}_{0,0,-1,0}*rho_alpha*rho_beta*sin(phi_alpha - phi_beta) + 1.0*I*a^{i}_{0,0,-1,0}*rho_alpha*rho_beta*cos(phi_alpha - phi_beta) - a^{i}_{0,0,1,0}*rho_alpha*rho_beta*sin(phi_alpha - phi_beta) + 1.0*I*a^{i}_{0,0,1,0}*rho_alpha*rho_beta*cos(phi_alpha - phi_beta) + 1.0*I*a^{i}_{0,2,0,0}*rho_beta**2 + 1.0*I*a^{i}_{2,0,0,0}*rho_alpha**2 - 1.0*I*a^{r}_{0,0,-1,0}*rho_alpha*rho_beta*sin(phi_alpha - phi_beta) + a^{r}_{0,0,-1,0}*rho_alpha*rho_beta*cos(phi_alpha - phi_beta) + 1.0*I*a^{r}_{0,0,1,0}*rho_alpha*rho_beta*sin(phi_alpha - phi_beta) + a^{r}_{0,0,1,0}*rho_alpha*rho_beta*cos(phi_alpha - phi_beta) + a^{r}_{0,2,0,0}*rho_beta**2 + a^{r}_{2,0,0,0}*rho_alpha**2

H_+_alpha__-_beta = -b^{i}_{0,0,0,2}*rho_beta**2*sin(2*phi_beta) + 1.0*I*b^{i}_{0,0,0,2}*rho_beta**2*cos(2*phi_beta) - b^{i}_{0,0,1,2}*rho_alpha*rho_beta*sin(phi_alpha + phi_beta) + 1.0*I*b^{i}_{0,0,1,2}*rho_alpha*rho_beta*cos(phi_alpha + phi_beta) - b^{i}_{0,0,2,2}*rho_alpha**2*sin(2*phi_alpha) + 1.0*I*b^{i}_{0,0,2,2}*rho_alpha**2*cos(2*phi_alpha) + 1.0*I*b^{r}_{0,0,0,2}*rho_beta**2*sin(2*phi_beta) + b^{r}_{0,0,0,2}*rho_beta**2*cos(2*phi_beta) + 1.0*I*b^{r}_{0,0,1,2}*rho_alpha*rho_beta*sin(phi_alpha + phi_beta) + b^{r}_{0,0,1,2}*rho_alpha*rho_beta*cos(phi_alpha + phi_beta) + 1.0*I*b^{r}_{0,0,2,2}*rho_alpha**2*sin(2*phi_alpha) + b^{r}_{0,0,2,2}*rho_alpha**2*cos(2*phi_alpha)

H_-_alpha__+_beta = -b^{i}_{0,0,0,2}*rho_beta**2*sin(2*phi_beta) - 1.0*I*b^{i}_{0,0,0,2}*rho_beta**2*cos(2*phi_beta) - b^{i}_{0,0,1,2}*rho_alpha*rho_beta*sin(phi_alpha + phi_beta) - 1.0*I*b^{i}_{0,0,1,2}*rho_alpha*rho_beta*cos(phi_alpha + phi_beta) - b^{i}_{0,0,2,2}*rho_alpha**2*sin(2*phi_alpha) - 1.0*I*b^{i}_{0,0,2,2}*rho_alpha**2*cos(2*phi_alpha) - 1.0*I*b^{r}_{0,0,0,2}*rho_beta**2*sin(2*phi_beta) + b^{r}_{0,0,0,2}*rho_beta**2*cos(2*phi_beta) - 1.0*I*b^{r}_{0,0,1,2}*rho_alpha*rho_beta*sin(phi_alpha + phi_beta) + b^{r}_{0,0,1,2}*rho_alpha*rho_beta*cos(phi_alpha + phi_beta) - 1.0*I*b^{r}_{0,0,2,2}*rho_alpha**2*sin(2*phi_alpha) + b^{r}_{0,0,2,2}*rho_alpha**2*cos(2*phi_alpha)

H_+_beta__-_alpha = -b^{i}_{0,0,0,2}*rho_beta**2*sin(2*phi_beta) + 1.0*I*b^{i}_{0,0,0,2}*rho_beta**2*cos(2*phi_beta) - b^{i}_{0,0,1,2}*rho_alpha*rho_beta*sin(phi_alpha + phi_beta) + 1.0*I*b^{i}_{0,0,1,2}*rho_alpha*rho_beta*cos(phi_alpha + phi_beta) - b^{i}_{0,0,2,2}*rho_alpha**2*sin(2*phi_alpha) + 1.0*I*b^{i}_{0,0,2,2}*rho_alpha**2*cos(2*phi_alpha) + 1.0*I*b^{r}_{0,0,0,2}*rho_beta**2*sin(2*phi_beta) + b^{r}_{0,0,0,2}*rho_beta**2*cos(2*phi_beta) + 1.0*I*b^{r}_{0,0,1,2}*rho_alpha*rho_beta*sin(phi_alpha + phi_beta) + b^{r}_{0,0,1,2}*rho_alpha*rho_beta*cos(phi_alpha + phi_beta) + 1.0*I*b^{r}_{0,0,2,2}*rho_alpha**2*sin(2*phi_alpha) + b^{r}_{0,0,2,2}*rho_alpha**2*cos(2*phi_alpha)

H_-_beta__+_alpha = -b^{i}_{0,0,0,2}*rho_beta**2*sin(2*phi_beta) - 1.0*I*b^{i}_{0,0,0,2}*rho_beta**2*cos(2*phi_beta) - b^{i}_{0,0,1,2}*rho_alpha*rho_beta*sin(phi_alpha + phi_beta) - 1.0*I*b^{i}_{0,0,1,2}*rho_alpha*rho_beta*cos(phi_alpha + phi_beta) - b^{i}_{0,0,2,2}*rho_alpha**2*sin(2*phi_alpha) - 1.0*I*b^{i}_{0,0,2,2}*rho_alpha**2*cos(2*phi_alpha) - 1.0*I*b^{r}_{0,0,0,2}*rho_beta**2*sin(2*phi_beta) + b^{r}_{0,0,0,2}*rho_beta**2*cos(2*phi_beta) - 1.0*I*b^{r}_{0,0,1,2}*rho_alpha*rho_beta*sin(phi_alpha + phi_beta) + b^{r}_{0,0,1,2}*rho_alpha*rho_beta*cos(phi_alpha + phi_beta) - 1.0*I*b^{r}_{0,0,2,2}*rho_alpha**2*sin(2*phi_alpha) + b^{r}_{0,0,2,2}*rho_alpha**2*cos(2*phi_alpha)

Cartesian coordinates:

H_+_alpha__+_beta = 1.0*I*a^{i}_{0,0,-1,0}*(x_alpha*x_beta + y_alpha*y_beta) - a^{i}_{0,0,-1,0}*(x_alpha*y_beta - x_beta*y_alpha) + 1.0*I*a^{i}_{0,0,1,0}*(x_alpha*x_beta + y_alpha*y_beta) + a^{i}_{0,0,1,0}*(x_alpha*y_beta - x_beta*y_alpha) + 1.0*I*a^{i}_{0,2,0,0}*(x_beta**2 + y_beta**2) + 1.0*I*a^{i}_{2,0,0,0}*(x_alpha**2 + y_alpha**2) + a^{r}_{0,0,-1,0}*(x_alpha*x_beta + y_alpha*y_beta) + 1.0*I*a^{r}_{0,0,-1,0}*(x_alpha*y_beta - x_beta*y_alpha) + a^{r}_{0,0,1,0}*(x_alpha*x_beta + y_alpha*y_beta) - 1.0*I*a^{r}_{0,0,1,0}*(x_alpha*y_beta - x_beta*y_alpha) + a^{r}_{0,2,0,0}*(x_beta**2 + y_beta**2) + a^{r}_{2,0,0,0}*(x_alpha**2 + y_alpha**2)

H_-_alpha__-_beta = -1.0*I*a^{i}_{0,0,-1,0}*(x_alpha*x_beta + y_alpha*y_beta) - a^{i}_{0,0,-1,0}*(x_alpha*y_beta - x_beta*y_alpha) - 1.0*I*a^{i}_{0,0,1,0}*(x_alpha*x_beta + y_alpha*y_beta) + a^{i}_{0,0,1,0}*(x_alpha*y_beta - x_beta*y_alpha) - 1.0*I*a^{i}_{0,2,0,0}*(x_beta**2 + y_beta**2) - 1.0*I*a^{i}_{2,0,0,0}*(x_alpha**2 + y_alpha**2) + a^{r}_{0,0,-1,0}*(x_alpha*x_beta + y_alpha*y_beta) - 1.0*I*a^{r}_{0,0,-1,0}*(x_alpha*y_beta - x_beta*y_alpha) + a^{r}_{0,0,1,0}*(x_alpha*x_beta + y_alpha*y_beta) + 1.0*I*a^{r}_{0,0,1,0}*(x_alpha*y_beta - x_beta*y_alpha) + a^{r}_{0,2,0,0}*(x_beta**2 + y_beta**2) + a^{r}_{2,0,0,0}*(x_alpha**2 + y_alpha**2)

H_+_beta__+_alpha = -1.0*I*a^{i}_{0,0,-1,0}*(x_alpha*x_beta + y_alpha*y_beta) - a^{i}_{0,0,-1,0}*(x_alpha*y_beta - x_beta*y_alpha) - 1.0*I*a^{i}_{0,0,1,0}*(x_alpha*x_beta + y_alpha*y_beta) + a^{i}_{0,0,1,0}*(x_alpha*y_beta - x_beta*y_alpha) - 1.0*I*a^{i}_{0,2,0,0}*(x_beta**2 + y_beta**2) - 1.0*I*a^{i}_{2,0,0,0}*(x_alpha**2 + y_alpha**2) + a^{r}_{0,0,-1,0}*(x_alpha*x_beta + y_alpha*y_beta) - 1.0*I*a^{r}_{0,0,-1,0}*(x_alpha*y_beta - x_beta*y_alpha) + a^{r}_{0,0,1,0}*(x_alpha*x_beta + y_alpha*y_beta) + 1.0*I*a^{r}_{0,0,1,0}*(x_alpha*y_beta - x_beta*y_alpha) + a^{r}_{0,2,0,0}*(x_beta**2 + y_beta**2) + a^{r}_{2,0,0,0}*(x_alpha**2 + y_alpha**2)

H_-_beta__-_alpha = 1.0*I*a^{i}_{0,0,-1,0}*(x_alpha*x_beta + y_alpha*y_beta) - a^{i}_{0,0,-1,0}*(x_alpha*y_beta - x_beta*y_alpha) + 1.0*I*a^{i}_{0,0,1,0}*(x_alpha*x_beta + y_alpha*y_beta) + a^{i}_{0,0,1,0}*(x_alpha*y_beta - x_beta*y_alpha) + 1.0*I*a^{i}_{0,2,0,0}*(x_beta**2 + y_beta**2) + 1.0*I*a^{i}_{2,0,0,0}*(x_alpha**2 + y_alpha**2) + a^{r}_{0,0,-1,0}*(x_alpha*x_beta + y_alpha*y_beta) + 1.0*I*a^{r}_{0,0,-1,0}*(x_alpha*y_beta - x_beta*y_alpha) + a^{r}_{0,0,1,0}*(x_alpha*x_beta + y_alpha*y_beta) - 1.0*I*a^{r}_{0,0,1,0}*(x_alpha*y_beta - x_beta*y_alpha) + a^{r}_{0,2,0,0}*(x_beta**2 + y_beta**2) + a^{r}_{2,0,0,0}*(x_alpha**2 + y_alpha**2)

H_+_alpha__-_beta = -2*b^{i}_{0,0,0,2}*x_beta*y_beta + 1.0*I*b^{i}_{0,0,0,2}*(x_beta - y_beta)*(x_beta + y_beta) + 1.0*I*b^{i}_{0,0,1,2}*(x_alpha*x_beta - y_alpha*y_beta) - b^{i}_{0,0,1,2}*(x_alpha*y_beta + x_beta*y_alpha) - 2*b^{i}_{0,0,2,2}*x_alpha*y_alpha + 1.0*I*b^{i}_{0,0,2,2}*(x_alpha - y_alpha)*(x_alpha + y_alpha) + 2.0*I*b^{r}_{0,0,0,2}*x_beta*y_beta + b^{r}_{0,0,0,2}*(x_beta - y_beta)*(x_beta + y_beta) + b^{r}_{0,0,1,2}*(x_alpha*x_beta - y_alpha*y_beta) + 1.0*I*b^{r}_{0,0,1,2}*(x_alpha*y_beta + x_beta*y_alpha) + 2.0*I*b^{r}_{0,0,2,2}*x_alpha*y_alpha + b^{r}_{0,0,2,2}*(x_alpha - y_alpha)*(x_alpha + y_alpha)

H_-_alpha__+_beta = -2*b^{i}_{0,0,0,2}*x_beta*y_beta - 1.0*I*b^{i}_{0,0,0,2}*(x_beta - y_beta)*(x_beta + y_beta) - 1.0*I*b^{i}_{0,0,1,2}*(x_alpha*x_beta - y_alpha*y_beta) - b^{i}_{0,0,1,2}*(x_alpha*y_beta + x_beta*y_alpha) - 2*b^{i}_{0,0,2,2}*x_alpha*y_alpha - 1.0*I*b^{i}_{0,0,2,2}*(x_alpha - y_alpha)*(x_alpha + y_alpha) - 2.0*I*b^{r}_{0,0,0,2}*x_beta*y_beta + b^{r}_{0,0,0,2}*(x_beta - y_beta)*(x_beta + y_beta) + b^{r}_{0,0,1,2}*(x_alpha*x_beta - y_alpha*y_beta) - 1.0*I*b^{r}_{0,0,1,2}*(x_alpha*y_beta + x_beta*y_alpha) - 2.0*I*b^{r}_{0,0,2,2}*x_alpha*y_alpha + b^{r}_{0,0,2,2}*(x_alpha - y_alpha)*(x_alpha + y_alpha)

H_+_beta__-_alpha = -2*b^{i}_{0,0,0,2}*x_beta*y_beta + 1.0*I*b^{i}_{0,0,0,2}*(x_beta - y_beta)*(x_beta + y_beta) + 1.0*I*b^{i}_{0,0,1,2}*(x_alpha*x_beta - y_alpha*y_beta) - b^{i}_{0,0,1,2}*(x_alpha*y_beta + x_beta*y_alpha) - 2*b^{i}_{0,0,2,2}*x_alpha*y_alpha + 1.0*I*b^{i}_{0,0,2,2}*(x_alpha - y_alpha)*(x_alpha + y_alpha) + 2.0*I*b^{r}_{0,0,0,2}*x_beta*y_beta + b^{r}_{0,0,0,2}*(x_beta - y_beta)*(x_beta + y_beta) + b^{r}_{0,0,1,2}*(x_alpha*x_beta - y_alpha*y_beta) + 1.0*I*b^{r}_{0,0,1,2}*(x_alpha*y_beta + x_beta*y_alpha) + 2.0*I*b^{r}_{0,0,2,2}*x_alpha*y_alpha + b^{r}_{0,0,2,2}*(x_alpha - y_alpha)*(x_alpha + y_alpha)

H_-_beta__+_alpha = -2*b^{i}_{0,0,0,2}*x_beta*y_beta - 1.0*I*b^{i}_{0,0,0,2}*(x_beta - y_beta)*(x_beta + y_beta) - 1.0*I*b^{i}_{0,0,1,2}*(x_alpha*x_beta - y_alpha*y_beta) - b^{i}_{0,0,1,2}*(x_alpha*y_beta + x_beta*y_alpha) - 2*b^{i}_{0,0,2,2}*x_alpha*y_alpha - 1.0*I*b^{i}_{0,0,2,2}*(x_alpha - y_alpha)*(x_alpha + y_alpha) - 2.0*I*b^{r}_{0,0,0,2}*x_beta*y_beta + b^{r}_{0,0,0,2}*(x_beta - y_beta)*(x_beta + y_beta) + b^{r}_{0,0,1,2}*(x_alpha*x_beta - y_alpha*y_beta) - 1.0*I*b^{r}_{0,0,1,2}*(x_alpha*y_beta + x_beta*y_alpha) - 2.0*I*b^{r}_{0,0,2,2}*x_alpha*y_alpha + b^{r}_{0,0,2,2}*(x_alpha - y_alpha)*(x_alpha + y_alpha)


